<?xml version="1.0" encoding="UTF-8"?>
<coverage generated="1685980555370" clover="3.2.0">
  <project timestamp="1685980555371" name="All files">
    <metrics statements="19" coveredstatements="14" conditionals="2" coveredconditionals="2" methods="7" coveredmethods="5" elements="28" coveredelements="21" complexity="0" loc="19" ncloc="19" packages="1" files="1" classes="1"/>
    <file name="ListaDeProdutos.js" path="/Users/user/Desktop/burger-script-thai/burger-script/src/Paginas/Adm/PagProdutos/ListaDeProdutos.js">
      <metrics statements="19" coveredstatements="14" conditionals="2" coveredconditionals="2" methods="7" coveredmethods="5"/>
      <line num="7" count="1" type="stmt"/>
      <line num="8" count="3" type="stmt"/>
      <line num="9" count="3" type="stmt"/>
      <line num="11" count="3" type="stmt"/>
      <line num="12" count="2" type="stmt"/>
      <line num="13" count="2" type="stmt"/>
      <line num="14" count="2" type="stmt"/>
      <line num="15" count="1" type="stmt"/>
      <line num="17" count="1" type="stmt"/>
      <line num="20" count="2" type="stmt"/>
      <line num="23" count="3" type="stmt"/>
      <line num="24" count="0" type="stmt"/>
      <line num="25" count="0" type="stmt"/>
      <line num="27" count="0" type="stmt"/>
      <line num="29" count="0" type="stmt"/>
      <line num="33" count="3" type="stmt"/>
      <line num="46" count="2" type="cond" truecount="2" falsecount="0"/>
      <line num="48" count="1" type="stmt"/>
      <line num="60" count="0" type="stmt"/>
    </file>
  </project>
</coverage>
