{"/Users/user/Desktop/burger-script-thai/burger-script/src/Paginas/Adm/PagProdutos/ListaDeProdutos.js": {"path":"/Users/user/Desktop/burger-script-thai/burger-script/src/Paginas/Adm/PagProdutos/ListaDeProdutos.js","statementMap":{"0":{"start":{"line":7,"column":24},"end":{"line":72,"column":1}},"1":{"start":{"line":8,"column":26},"end":{"line":8,"column":31}},"2":{"start":{"line":9,"column":34},"end":{"line":9,"column":46}},"3":{"start":{"line":11,"column":2},"end":{"line":21,"column":9}},"4":{"start":{"line":12,"column":27},"end":{"line":19,"column":5}},"5":{"start":{"line":13,"column":6},"end":{"line":18,"column":7}},"6":{"start":{"line":14,"column":29},"end":{"line":14,"column":50}},"7":{"start":{"line":15,"column":8},"end":{"line":15,"column":34}},"8":{"start":{"line":17,"column":8},"end":{"line":17,"column":29}},"9":{"start":{"line":20,"column":4},"end":{"line":20,"column":21}},"10":{"start":{"line":23,"column":18},"end":{"line":31,"column":3}},"11":{"start":{"line":24,"column":4},"end":{"line":30,"column":5}},"12":{"start":{"line":25,"column":6},"end":{"line":25,"column":31}},"13":{"start":{"line":27,"column":6},"end":{"line":27,"column":31}},"14":{"start":{"line":29,"column":6},"end":{"line":29,"column":55}},"15":{"start":{"line":33,"column":2},"end":{"line":71,"column":4}},"16":{"start":{"line":46,"column":32},"end":{"line":46,"column":76}},"17":{"start":{"line":48,"column":12},"end":{"line":66,"column":17}},"18":{"start":{"line":60,"column":32},"end":{"line":60,"column":52}}},"fnMap":{"0":{"name":"(anonymous_0)","decl":{"start":{"line":7,"column":24},"end":{"line":7,"column":25}},"loc":{"start":{"line":7,"column":35},"end":{"line":72,"column":1}},"line":7},"1":{"name":"(anonymous_1)","decl":{"start":{"line":11,"column":12},"end":{"line":11,"column":13}},"loc":{"start":{"line":11,"column":18},"end":{"line":21,"column":3}},"line":11},"2":{"name":"(anonymous_2)","decl":{"start":{"line":12,"column":27},"end":{"line":12,"column":28}},"loc":{"start":{"line":12,"column":39},"end":{"line":19,"column":5}},"line":12},"3":{"name":"(anonymous_3)","decl":{"start":{"line":23,"column":18},"end":{"line":23,"column":19}},"loc":{"start":{"line":23,"column":32},"end":{"line":31,"column":3}},"line":23},"4":{"name":"(anonymous_4)","decl":{"start":{"line":46,"column":18},"end":{"line":46,"column":19}},"loc":{"start":{"line":46,"column":32},"end":{"line":46,"column":76}},"line":46},"5":{"name":"(anonymous_5)","decl":{"start":{"line":47,"column":15},"end":{"line":47,"column":16}},"loc":{"start":{"line":48,"column":12},"end":{"line":66,"column":17}},"line":48},"6":{"name":"(anonymous_6)","decl":{"start":{"line":60,"column":26},"end":{"line":60,"column":27}},"loc":{"start":{"line":60,"column":32},"end":{"line":60,"column":52}},"line":60}},"branchMap":{"0":{"loc":{"start":{"line":46,"column":32},"end":{"line":46,"column":76}},"type":"binary-expr","locations":[{"start":{"line":46,"column":32},"end":{"line":46,"column":44}},{"start":{"line":46,"column":48},"end":{"line":46,"column":76}}],"line":46}},"s":{"0":1,"1":3,"2":3,"3":3,"4":2,"5":2,"6":2,"7":1,"8":1,"9":2,"10":3,"11":0,"12":0,"13":0,"14":0,"15":3,"16":2,"17":1,"18":0},"f":{"0":3,"1":2,"2":2,"3":0,"4":2,"5":1,"6":0},"b":{"0":[2,2]},"_coverageSchema":"1a1c01bbd47fc00a2c39e90264f33305004495a9","hash":"414bbc250be6127f4416cd252b583f0649464a73"}
}
