TN:
SF:src/Paginas/Adm/PagProdutos/ListaDeProdutos.js
FN:7,(anonymous_0)
FN:11,(anonymous_1)
FN:12,(anonymous_2)
FN:23,(anonymous_3)
FN:46,(anonymous_4)
FN:47,(anonymous_5)
FN:60,(anonymous_6)
FNF:7
FNH:5
FNDA:3,(anonymous_0)
FNDA:2,(anonymous_1)
FNDA:2,(anonymous_2)
FNDA:0,(anonymous_3)
FNDA:2,(anonymous_4)
FNDA:1,(anonymous_5)
FNDA:0,(anonymous_6)
DA:7,1
DA:8,3
DA:9,3
DA:11,3
DA:12,2
DA:13,2
DA:14,2
DA:15,1
DA:17,1
DA:20,2
DA:23,3
DA:24,0
DA:25,0
DA:27,0
DA:29,0
DA:33,3
DA:46,2
DA:48,1
DA:60,0
LF:19
LH:14
BRDA:46,0,0,2
BRDA:46,0,1,2
BRF:2
BRH:2
end_of_record
